<?xml version="1.0" encoding="UTF-8"?>
<testsuite xmlns:xsi="http://www.w3.org/2001/XMLSchema-instance" xsi:noNamespaceSchemaLocation="https://maven.apache.org/surefire/maven-surefire-plugin/xsd/surefire-test-report-3.0.xsd" version="3.0" name="org.example.bt_tuan_2.StudentAnalyzerTest" time="0.013" tests="8" errors="0" skipped="0" failures="0">
  <properties>
[...]
</properties>
  <testcase name="testCountExcellentStudents_edgeEmptyList" classname="org.example.bt_tuan_2.StudentAnalyzerTest" time="0.002"/>
  <testcase name="testCalculateValidAverage_edgeEmptyList" classname="org.example.bt_tuan_2.StudentAnalyzerTest" time="0.004"/>
  <testcase name="testCountExcellentStudents_allValid" classname="org.example.bt_tuan_2.StudentAnalyzerTest" time="0.0"/>
  <testcase name="testCalculateValidAverage_allValid" classname="org.example.bt_tuan_2.StudentAnalyzerTest" time="0.0"/>
  <testcase name="testCalculateValidAverage_normalMixedValidInvalid" classname="org.example.bt_tuan_2.StudentAnalyzerTest" time="0.0"/>
  <testcase name="testCountExcellentStudents_edgeOnly0or10" classname="org.example.bt_tuan_2.StudentAnalyzerTest" time="0.0"/>
  <testcase name="testCalculateValidAverage_allInvalidScores" classname="org.example.bt_tuan_2.StudentAnalyzerTest" time="0.0"/>
  <testcase name="testCountExcellentStudents_normalMixedValidInvalid" classname="org.example.bt_tuan_2.StudentAnalyzerTest" time="0.0"/>
</testsuite>